# JRE version: Java(TM) SE Runtime Environment (8.0_60-b27) (build 1.8.0_60-b27)
# Java VM: Java HotSpot(TM) 64-Bit Server VM (25.60-b23 mixed mode windows-amd64 compressed oops)
Heap:
 PSYoungGen      total 75776K, used 8132K [0x000000076bb80000, 0x0000000774f80000, 0x00000007c0000000)
  eden space 65024K, 12% used [0x000000076bb80000,0x000000076c3712d0,0x000000076fb00000)
  from space 10752K, 0% used [0x0000000770580000,0x0000000770580000,0x0000000771000000)
  to   space 10752K, 0% used [0x000000076fb00000,0x000000076fb00000,0x0000000770580000)
 ParOldGen       total 103936K, used 8205K [0x00000006c3200000, 0x00000006c9780000, 0x000000076bb80000)
  object space 103936K, 7% used [0x00000006c3200000,0x00000006c3a03498,0x00000006c9780000)
 Metaspace       used 22105K, capacity 22329K, committed 22528K, reserved 1069056K
  class space    used 2199K, capacity 2284K, committed 2304K, reserved 1048576K
GC Heap History (6 events):
Event: 1.647 GC heap before
{Heap before GC invocations=1 (full 0):
 PSYoungGen      total 75776K, used 65024K [0x000000076bb80000, 0x0000000771000000, 0x00000007c0000000)
  eden space 65024K, 100% used [0x000000076bb80000,0x000000076fb00000,0x000000076fb00000)
  from space 10752K, 0% used [0x0000000770580000,0x0000000770580000,0x0000000771000000)
  to   space 10752K, 0% used [0x000000076fb00000,0x000000076fb00000,0x0000000770580000)
 ParOldGen       total 173568K, used 0K [0x00000006c3200000, 0x00000006cdb80000, 0x000000076bb80000)
  object space 173568K, 0% used [0x00000006c3200000,0x00000006c3200000,0x00000006cdb80000)
 Metaspace       used 16967K, capacity 17175K, committed 17408K, reserved 1064960K
  class space    used 1666K, capacity 1751K, committed 1792K, reserved 1048576K
Event: 1.653 GC heap after
Heap after GC invocations=1 (full 0):
 PSYoungGen      total 75776K, used 8366K [0x000000076bb80000, 0x0000000771000000, 0x00000007c0000000)
  eden space 65024K, 0% used [0x000000076bb80000,0x000000076bb80000,0x000000076fb00000)
  from space 10752K, 77% used [0x000000076fb00000,0x000000077032ba58,0x0000000770580000)
  to   space 10752K, 0% used [0x0000000770580000,0x0000000770580000,0x0000000771000000)
 ParOldGen       total 173568K, used 16K [0x00000006c3200000, 0x00000006cdb80000, 0x000000076bb80000)
  object space 173568K, 0% used [0x00000006c3200000,0x00000006c3204000,0x00000006cdb80000)
 Metaspace       used 16967K, capacity 17175K, committed 17408K, reserved 1064960K
  class space    used 1666K, capacity 1751K, committed 1792K, reserved 1048576K
}
Event: 2.070 GC heap before
{Heap before GC invocations=2 (full 0):
 PSYoungGen      total 75776K, used 30820K [0x000000076bb80000, 0x0000000771000000, 0x00000007c0000000)
  eden space 65024K, 34% used [0x000000076bb80000,0x000000076d16d928,0x000000076fb00000)
  from space 10752K, 77% used [0x000000076fb00000,0x000000077032ba58,0x0000000770580000)
  to   space 10752K, 0% used [0x0000000770580000,0x0000000770580000,0x0000000771000000)
 ParOldGen       total 173568K, used 16K [0x00000006c3200000, 0x00000006cdb80000, 0x000000076bb80000)
  object space 173568K, 0% used [0x00000006c3200000,0x00000006c3204000,0x00000006cdb80000)
 Metaspace       used 20839K, capacity 21081K, committed 21248K, reserved 1069056K
  class space    used 2078K, capacity 2188K, committed 2304K, reserved 1048576K
Event: 2.083 GC heap after
Heap after GC invocations=2 (full 0):
 PSYoungGen      total 75776K, used 8444K [0x000000076bb80000, 0x0000000774f80000, 0x00000007c0000000)
  eden space 65024K, 0% used [0x000000076bb80000,0x000000076bb80000,0x000000076fb00000)
  from space 10752K, 78% used [0x0000000770580000,0x0000000770dbf200,0x0000000771000000)
  to   space 10752K, 0% used [0x000000076fb00000,0x000000076fb00000,0x0000000770580000)
 ParOldGen       total 173568K, used 32K [0x00000006c3200000, 0x00000006cdb80000, 0x000000076bb80000)
  object space 173568K, 0% used [0x00000006c3200000,0x00000006c3208000,0x00000006cdb80000)
 Metaspace       used 20839K, capacity 21081K, committed 21248K, reserved 1069056K
  class space    used 2078K, capacity 2188K, committed 2304K, reserved 1048576K
}
Event: 2.084 GC heap before
{Heap before GC invocations=3 (full 1):
 PSYoungGen      total 75776K, used 8444K [0x000000076bb80000, 0x0000000774f80000, 0x00000007c0000000)
  eden space 65024K, 0% used [0x000000076bb80000,0x000000076bb80000,0x000000076fb00000)
  from space 10752K, 78% used [0x0000000770580000,0x0000000770dbf200,0x0000000771000000)
  to   space 10752K, 0% used [0x000000076fb00000,0x000000076fb00000,0x0000000770580000)
 ParOldGen       total 173568K, used 32K [0x00000006c3200000, 0x00000006cdb80000, 0x000000076bb80000)
  object space 173568K, 0% used [0x00000006c3200000,0x00000006c3208000,0x00000006cdb80000)
 Metaspace       used 20839K, capacity 21081K, committed 21248K, reserved 1069056K
  class space    used 2078K, capacity 2188K, committed 2304K, reserved 1048576K
Event: 2.114 GC heap after
Heap after GC invocations=3 (full 1):
 PSYoungGen      total 75776K, used 0K [0x000000076bb80000, 0x0000000774f80000, 0x00000007c0000000)
  eden space 65024K, 0% used [0x000000076bb80000,0x000000076bb80000,0x000000076fb00000)
  from space 10752K, 0% used [0x0000000770580000,0x0000000770580000,0x0000000771000000)
  to   space 10752K, 0% used [0x000000076fb00000,0x000000076fb00000,0x0000000770580000)
 ParOldGen       total 103936K, used 8205K [0x00000006c3200000, 0x00000006c9780000, 0x000000076bb80000)
  object space 103936K, 7% used [0x00000006c3200000,0x00000006c3a03498,0x00000006c9780000)
 Metaspace       used 20839K, capacity 21081K, committed 21248K, reserved 1069056K
  class space    used 2078K, capacity 2188K, committed 2304K, reserved 1048576K
}

