# JRE version: Java(TM) SE Runtime Environment (8.0_60-b27) (build 1.8.0_60-b27)
# Java VM: Java HotSpot(TM) 64-Bit Server VM (25.60-b23 mixed mode windows-amd64 compressed oops)
Heap:
 PSYoungGen      total 75776K, used 9512K [0x000000076bb80000, 0x0000000774f80000, 0x00000007c0000000)
  eden space 65024K, 14% used [0x000000076bb80000,0x000000076c4ca2d0,0x000000076fb00000)
  from space 10752K, 0% used [0x0000000770580000,0x0000000770580000,0x0000000771000000)
  to   space 10752K, 0% used [0x000000076fb00000,0x000000076fb00000,0x0000000770580000)
 ParOldGen       total 102400K, used 8207K [0x00000006c3200000, 0x00000006c9600000, 0x000000076bb80000)
  object space 102400K, 8% used [0x00000006c3200000,0x00000006c3a03e08,0x00000006c9600000)
 Metaspace       used 22102K, capacity 22333K, committed 22448K, reserved 1069056K
  class space    used 2194K, capacity 2284K, committed 2304K, reserved 1048576K
GC Heap History (6 events):
Event: 1.664 GC heap before
{Heap before GC invocations=1 (full 0):
 PSYoungGen      total 75776K, used 65024K [0x000000076bb80000, 0x0000000771000000, 0x00000007c0000000)
  eden space 65024K, 100% used [0x000000076bb80000,0x000000076fb00000,0x000000076fb00000)
  from space 10752K, 0% used [0x0000000770580000,0x0000000770580000,0x0000000771000000)
  to   space 10752K, 0% used [0x000000076fb00000,0x000000076fb00000,0x0000000770580000)
 ParOldGen       total 173568K, used 0K [0x00000006c3200000, 0x00000006cdb80000, 0x000000076bb80000)
  object space 173568K, 0% used [0x00000006c3200000,0x00000006c3200000,0x00000006cdb80000)
 Metaspace       used 16964K, capacity 17179K, committed 17408K, reserved 1064960K
  class space    used 1662K, capacity 1751K, committed 1792K, reserved 1048576K
Event: 1.670 GC heap after
Heap after GC invocations=1 (full 0):
 PSYoungGen      total 75776K, used 8523K [0x000000076bb80000, 0x0000000771000000, 0x00000007c0000000)
  eden space 65024K, 0% used [0x000000076bb80000,0x000000076bb80000,0x000000076fb00000)
  from space 10752K, 79% used [0x000000076fb00000,0x0000000770352e60,0x0000000770580000)
  to   space 10752K, 0% used [0x0000000770580000,0x0000000770580000,0x0000000771000000)
 ParOldGen       total 173568K, used 16K [0x00000006c3200000, 0x00000006cdb80000, 0x000000076bb80000)
  object space 173568K, 0% used [0x00000006c3200000,0x00000006c3204000,0x00000006cdb80000)
 Metaspace       used 16964K, capacity 17179K, committed 17408K, reserved 1064960K
  class space    used 1662K, capacity 1751K, committed 1792K, reserved 1048576K
}
Event: 2.047 GC heap before
{Heap before GC invocations=2 (full 0):
 PSYoungGen      total 75776K, used 30261K [0x000000076bb80000, 0x0000000771000000, 0x00000007c0000000)
  eden space 65024K, 33% used [0x000000076bb80000,0x000000076d0ba630,0x000000076fb00000)
  from space 10752K, 79% used [0x000000076fb00000,0x0000000770352e60,0x0000000770580000)
  to   space 10752K, 0% used [0x0000000770580000,0x0000000770580000,0x0000000771000000)
 ParOldGen       total 173568K, used 16K [0x00000006c3200000, 0x00000006cdb80000, 0x000000076bb80000)
  object space 173568K, 0% used [0x00000006c3200000,0x00000006c3204000,0x00000006cdb80000)
 Metaspace       used 20880K, capacity 21117K, committed 21296K, reserved 1069056K
  class space    used 2075K, capacity 2156K, committed 2176K, reserved 1048576K
Event: 2.063 GC heap after
Heap after GC invocations=2 (full 0):
 PSYoungGen      total 75776K, used 8506K [0x000000076bb80000, 0x0000000774f80000, 0x00000007c0000000)
  eden space 65024K, 0% used [0x000000076bb80000,0x000000076bb80000,0x000000076fb00000)
  from space 10752K, 79% used [0x0000000770580000,0x0000000770dceaf8,0x0000000771000000)
  to   space 10752K, 0% used [0x000000076fb00000,0x000000076fb00000,0x0000000770580000)
 ParOldGen       total 173568K, used 24K [0x00000006c3200000, 0x00000006cdb80000, 0x000000076bb80000)
  object space 173568K, 0% used [0x00000006c3200000,0x00000006c3206000,0x00000006cdb80000)
 Metaspace       used 20880K, capacity 21117K, committed 21296K, reserved 1069056K
  class space    used 2075K, capacity 2156K, committed 2176K, reserved 1048576K
}
Event: 2.063 GC heap before
{Heap before GC invocations=3 (full 1):
 PSYoungGen      total 75776K, used 8506K [0x000000076bb80000, 0x0000000774f80000, 0x00000007c0000000)
  eden space 65024K, 0% used [0x000000076bb80000,0x000000076bb80000,0x000000076fb00000)
  from space 10752K, 79% used [0x0000000770580000,0x0000000770dceaf8,0x0000000771000000)
  to   space 10752K, 0% used [0x000000076fb00000,0x000000076fb00000,0x0000000770580000)
 ParOldGen       total 173568K, used 24K [0x00000006c3200000, 0x00000006cdb80000, 0x000000076bb80000)
  object space 173568K, 0% used [0x00000006c3200000,0x00000006c3206000,0x00000006cdb80000)
 Metaspace       used 20880K, capacity 21117K, committed 21296K, reserved 1069056K
  class space    used 2075K, capacity 2156K, committed 2176K, reserved 1048576K
Event: 2.097 GC heap after
Heap after GC invocations=3 (full 1):
 PSYoungGen      total 75776K, used 0K [0x000000076bb80000, 0x0000000774f80000, 0x00000007c0000000)
  eden space 65024K, 0% used [0x000000076bb80000,0x000000076bb80000,0x000000076fb00000)
  from space 10752K, 0% used [0x0000000770580000,0x0000000770580000,0x0000000771000000)
  to   space 10752K, 0% used [0x000000076fb00000,0x000000076fb00000,0x0000000770580000)
 ParOldGen       total 102400K, used 8207K [0x00000006c3200000, 0x00000006c9600000, 0x000000076bb80000)
  object space 102400K, 8% used [0x00000006c3200000,0x00000006c3a03e08,0x00000006c9600000)
 Metaspace       used 20880K, capacity 21117K, committed 21296K, reserved 1069056K
  class space    used 2075K, capacity 2156K, committed 2176K, reserved 1048576K
}

