# JRE version: Java(TM) SE Runtime Environment (8.0_60-b27) (build 1.8.0_60-b27)
# Java VM: Java HotSpot(TM) 64-Bit Server VM (25.60-b23 mixed mode windows-amd64 compressed oops)
Heap:
 PSYoungGen      total 75776K, used 22430K [0x000000076bb80000, 0x0000000772a80000, 0x00000007c0000000)
  eden space 65024K, 17% used [0x000000076bb80000,0x000000076c6e8590,0x000000076fb00000)
  from space 10752K, 99% used [0x000000076fb00000,0x000000077057f600,0x0000000770580000)
  to   space 10752K, 0% used [0x0000000772000000,0x0000000772000000,0x0000000772a80000)
 ParOldGen       total 105984K, used 11616K [0x00000006c3200000, 0x00000006c9980000, 0x000000076bb80000)
  object space 105984K, 10% used [0x00000006c3200000,0x00000006c3d58040,0x00000006c9980000)
 Metaspace       used 23119K, capacity 23363K, committed 23680K, reserved 1071104K
  class space    used 2254K, capacity 2349K, committed 2432K, reserved 1048576K
GC Heap History (8 events):
Event: 1.581 GC heap before
{Heap before GC invocations=1 (full 0):
 PSYoungGen      total 75776K, used 65024K [0x000000076bb80000, 0x0000000771000000, 0x00000007c0000000)
  eden space 65024K, 100% used [0x000000076bb80000,0x000000076fb00000,0x000000076fb00000)
  from space 10752K, 0% used [0x0000000770580000,0x0000000770580000,0x0000000771000000)
  to   space 10752K, 0% used [0x000000076fb00000,0x000000076fb00000,0x0000000770580000)
 ParOldGen       total 173568K, used 0K [0x00000006c3200000, 0x00000006cdb80000, 0x000000076bb80000)
  object space 173568K, 0% used [0x00000006c3200000,0x00000006c3200000,0x00000006cdb80000)
 Metaspace       used 16944K, capacity 17171K, committed 17408K, reserved 1064960K
  class space    used 1666K, capacity 1751K, committed 1792K, reserved 1048576K
Event: 1.586 GC heap after
Heap after GC invocations=1 (full 0):
 PSYoungGen      total 75776K, used 8272K [0x000000076bb80000, 0x0000000771000000, 0x00000007c0000000)
  eden space 65024K, 0% used [0x000000076bb80000,0x000000076bb80000,0x000000076fb00000)
  from space 10752K, 76% used [0x000000076fb00000,0x00000007703141a8,0x0000000770580000)
  to   space 10752K, 0% used [0x0000000770580000,0x0000000770580000,0x0000000771000000)
 ParOldGen       total 173568K, used 16K [0x00000006c3200000, 0x00000006cdb80000, 0x000000076bb80000)
  object space 173568K, 0% used [0x00000006c3200000,0x00000006c3204000,0x00000006cdb80000)
 Metaspace       used 16944K, capacity 17171K, committed 17408K, reserved 1064960K
  class space    used 1666K, capacity 1751K, committed 1792K, reserved 1048576K
}
Event: 1.989 GC heap before
{Heap before GC invocations=2 (full 0):
 PSYoungGen      total 75776K, used 32795K [0x000000076bb80000, 0x0000000771000000, 0x00000007c0000000)
  eden space 65024K, 37% used [0x000000076bb80000,0x000000076d372d90,0x000000076fb00000)
  from space 10752K, 76% used [0x000000076fb00000,0x00000007703141a8,0x0000000770580000)
  to   space 10752K, 0% used [0x0000000770580000,0x0000000770580000,0x0000000771000000)
 ParOldGen       total 173568K, used 16K [0x00000006c3200000, 0x00000006cdb80000, 0x000000076bb80000)
  object space 173568K, 0% used [0x00000006c3200000,0x00000006c3204000,0x00000006cdb80000)
 Metaspace       used 20834K, capacity 21077K, committed 21248K, reserved 1069056K
  class space    used 2081K, capacity 2188K, committed 2304K, reserved 1048576K
Event: 1.998 GC heap after
Heap after GC invocations=2 (full 0):
 PSYoungGen      total 75776K, used 8467K [0x000000076bb80000, 0x0000000774f80000, 0x00000007c0000000)
  eden space 65024K, 0% used [0x000000076bb80000,0x000000076bb80000,0x000000076fb00000)
  from space 10752K, 78% used [0x0000000770580000,0x0000000770dc4de0,0x0000000771000000)
  to   space 10752K, 0% used [0x000000076fb00000,0x000000076fb00000,0x0000000770580000)
 ParOldGen       total 173568K, used 32K [0x00000006c3200000, 0x00000006cdb80000, 0x000000076bb80000)
  object space 173568K, 0% used [0x00000006c3200000,0x00000006c3208000,0x00000006cdb80000)
 Metaspace       used 20834K, capacity 21077K, committed 21248K, reserved 1069056K
  class space    used 2081K, capacity 2188K, committed 2304K, reserved 1048576K
}
Event: 1.998 GC heap before
{Heap before GC invocations=3 (full 1):
 PSYoungGen      total 75776K, used 8467K [0x000000076bb80000, 0x0000000774f80000, 0x00000007c0000000)
  eden space 65024K, 0% used [0x000000076bb80000,0x000000076bb80000,0x000000076fb00000)
  from space 10752K, 78% used [0x0000000770580000,0x0000000770dc4de0,0x0000000771000000)
  to   space 10752K, 0% used [0x000000076fb00000,0x000000076fb00000,0x0000000770580000)
 ParOldGen       total 173568K, used 32K [0x00000006c3200000, 0x00000006cdb80000, 0x000000076bb80000)
  object space 173568K, 0% used [0x00000006c3200000,0x00000006c3208000,0x00000006cdb80000)
 Metaspace       used 20834K, capacity 21077K, committed 21248K, reserved 1069056K
  class space    used 2081K, capacity 2188K, committed 2304K, reserved 1048576K
Event: 2.022 GC heap after
Heap after GC invocations=3 (full 1):
 PSYoungGen      total 75776K, used 0K [0x000000076bb80000, 0x0000000774f80000, 0x00000007c0000000)
  eden space 65024K, 0% used [0x000000076bb80000,0x000000076bb80000,0x000000076fb00000)
  from space 10752K, 0% used [0x0000000770580000,0x0000000770580000,0x0000000771000000)
  to   space 10752K, 0% used [0x000000076fb00000,0x000000076fb00000,0x0000000770580000)
 ParOldGen       total 105984K, used 8231K [0x00000006c3200000, 0x00000006c9980000, 0x000000076bb80000)
  object space 105984K, 7% used [0x00000006c3200000,0x00000006c3a09dd8,0x00000006c9980000)
 Metaspace       used 20834K, capacity 21077K, committed 21248K, reserved 1069056K
  class space    used 2081K, capacity 2188K, committed 2304K, reserved 1048576K
}
Event: 12.544 GC heap before
{Heap before GC invocations=4 (full 1):
 PSYoungGen      total 75776K, used 65024K [0x000000076bb80000, 0x0000000774f80000, 0x00000007c0000000)
  eden space 65024K, 100% used [0x000000076bb80000,0x000000076fb00000,0x000000076fb00000)
  from space 10752K, 0% used [0x0000000770580000,0x0000000770580000,0x0000000771000000)
  to   space 10752K, 0% used [0x000000076fb00000,0x000000076fb00000,0x0000000770580000)
 ParOldGen       total 105984K, used 8231K [0x00000006c3200000, 0x00000006c9980000, 0x000000076bb80000)
  object space 105984K, 7% used [0x00000006c3200000,0x00000006c3a09dd8,0x00000006c9980000)
 Metaspace       used 23035K, capacity 23299K, committed 23424K, reserved 1071104K
  class space    used 2254K, capacity 2349K, committed 2432K, reserved 1048576K
Event: 12.552 GC heap after
Heap after GC invocations=4 (full 1):
 PSYoungGen      total 75776K, used 10749K [0x000000076bb80000, 0x0000000772a80000, 0x00000007c0000000)
  eden space 65024K, 0% used [0x000000076bb80000,0x000000076bb80000,0x000000076fb00000)
  from space 10752K, 99% used [0x000000076fb00000,0x000000077057f600,0x0000000770580000)
  to   space 10752K, 0% used [0x0000000772000000,0x0000000772000000,0x0000000772a80000)
 ParOldGen       total 105984K, used 11616K [0x00000006c3200000, 0x00000006c9980000, 0x000000076bb80000)
  object space 105984K, 10% used [0x00000006c3200000,0x00000006c3d58040,0x00000006c9980000)
 Metaspace       used 23035K, capacity 23299K, committed 23424K, reserved 1071104K
  class space    used 2254K, capacity 2349K, committed 2432K, reserved 1048576K
}

